<?xml version="1.0" encoding="UTF-8"?>
<!-- Generated by org.testng.reporters.JUnitReportReporter -->
<testsuite hostname="Shree-PC" failures="0" tests="1" name="CoverfoxTest.Validate_Coverfoxpages" time="51.813" errors="0" timestamp="2024-01-19T15:10:41 IST" skipped="0">
  <testcase classname="CoverfoxTest.Validate_Coverfoxpages" name="ValidateTestPlanFromTextAndBanner" time="51.813">
    <system-out>
      <![CDATA[Fatching Number Of Result From Page
Test Case Is Pass]]>
    </system-out>
  </testcase> <!-- ValidateTestPlanFromTextAndBanner -->
  <system-out>
    <![CDATA[Launching Browser
Opening Browser
Clicking On gender Button
Clicking On next Button
Handling Age Dropdown
Clicking On next Button
Enter Pincode
Enter Mobile Number
Clicking On Continue Button
Fatching Number Of Result From Page
Test Case Is Pass
Closing Browser Method
Closing Browser
Launching Browser
Validate PinCode Error Msg
Test case Is passed
Closing Browser Method
Closing Browser]]>
  </system-out>
</testsuite> <!-- CoverfoxTest.Validate_Coverfoxpages -->
